<?xml version="1.0" encoding="UTF-8"?>
<!-- Generated by org.testng.reporters.JUnitXMLReporter -->
<testsuite ignored="0" hostname="Tenzins-MacBook-Pro-2.local" failures="0" tests="14" name="Surefire test" time="108.102" errors="0" timestamp="2023-05-05T13:02:34 IST">
  <testcase classname="org.example.ICanWinTest" name="NewPaste" time="14.214"/>
  <testcase classname="org.example.HurtMePlentyTest" name="environment" time="8.851"/>
  <testcase classname="org.example.HurtMePlentyTest" name="homePageTest" time="26.1"/>
  <testcase classname="org.example.HurtMePlentyTest" name="NoOfInstance" time="6.291"/>
  <testcase classname="org.example.HurtMePlentyTest" name="OS" time="4.223"/>
  <testcase classname="org.example.HurtMePlentyTest" name="VM_Class" time="4.203"/>
  <testcase classname="org.example.HurtMePlentyTest" name="Series" time="4.219"/>
  <testcase classname="org.example.HurtMePlentyTest" name="Instance_Type" time="4.196"/>
  <testcase classname="org.example.HurtMePlentyTest" name="GPU" time="12.653"/>
  <testcase classname="org.example.HurtMePlentyTest" name="Local_SSD" time="4.216"/>
  <testcase classname="org.example.HurtMePlentyTest" name="Location" time="4.205"/>
  <testcase classname="org.example.HurtMePlentyTest" name="usage" time="4.214"/>
  <testcase classname="org.example.HurtMePlentyTest" name="Estimate" time="2.235"/>
  <testcase classname="org.example.HurtMePlentyTest" name="closeDriver" time="0.369"/>
</testsuite> <!-- Surefire test -->
