<?xml version="1.0" encoding="UTF-8"?>
<testsuite xmlns:xsi="http://www.w3.org/2001/XMLSchema-instance" xsi:noNamespaceSchemaLocation="https://maven.apache.org/surefire/maven-surefire-plugin/xsd/surefire-test-report.xsd" name="TestSuite" time="34.465" tests="27" errors="0" skipped="24" failures="2">
  <properties>
[...]
</properties>
  <testcase name="NewPaste" classname="org.example.ICanWinTest" time="16.006"/>
  <testcase name="environment" classname="org.example.HurtMePlentyTest" time="7.502">
    <failure message="no such window: target window already closed&#10;from unknown error: web view not found&#10;  (Session info: chrome=112.0.5615.137)&#10;Build info: version: &apos;4.8.2&apos;, revision: &apos;826dbfc730&apos;&#10;System info: os.name: &apos;Mac OS X&apos;, os.arch: &apos;x86_64&apos;, os.version: &apos;12.2.1&apos;, java.version: &apos;19.0.2&apos;&#10;Driver info: org.openqa.selenium.chrome.ChromeDriver&#10;Command: [d072eddade54ae9741b7dbb4a4181695, maximizeCurrentWindow {}]&#10;Capabilities {acceptInsecureCerts: false, browserName: chrome, browserVersion: 112.0.5615.137, chrome: {chromedriverVersion: 112.0.5615.49 (bd2a7bcb881c..., userDataDir: /var/folders/k1/bv83b81n7c1...}, goog:chromeOptions: {debuggerAddress: localhost:59173}, networkConnectionEnabled: false, pageLoadStrategy: normal, platformName: MAC, proxy: Proxy(), se:cdp: ws://localhost:59173/devtoo..., se:cdpVersion: 112.0.5615.137, setWindowRect: true, strictFileInteractability: false, timeouts: {implicit: 0, pageLoad: 300000, script: 30000}, unhandledPromptBehavior: dismiss and notify, webauthn:extension:credBlob: true, webauthn:extension:largeBlob: true, webauthn:extension:minPinLength: true, webauthn:extension:prf: true, webauthn:virtualAuthenticators: true}&#10;Session ID: d072eddade54ae9741b7dbb4a4181695" type="org.openqa.selenium.NoSuchWindowException">org.openqa.selenium.NoSuchWindowException: 
no such window: target window already closed
from unknown error: web view not found
  (Session info: chrome=112.0.5615.137)
Build info: version: '4.8.2', revision: '826dbfc730'
System info: os.name: 'Mac OS X', os.arch: 'x86_64', os.version: '12.2.1', java.version: '19.0.2'
Driver info: org.openqa.selenium.chrome.ChromeDriver
Command: [d072eddade54ae9741b7dbb4a4181695, maximizeCurrentWindow {}]
Capabilities {acceptInsecureCerts: false, browserName: chrome, browserVersion: 112.0.5615.137, chrome: {chromedriverVersion: 112.0.5615.49 (bd2a7bcb881c..., userDataDir: /var/folders/k1/bv83b81n7c1...}, goog:chromeOptions: {debuggerAddress: localhost:59173}, networkConnectionEnabled: false, pageLoadStrategy: normal, platformName: MAC, proxy: Proxy(), se:cdp: ws://localhost:59173/devtoo..., se:cdpVersion: 112.0.5615.137, setWindowRect: true, strictFileInteractability: false, timeouts: {implicit: 0, pageLoad: 300000, script: 30000}, unhandledPromptBehavior: dismiss and notify, webauthn:extension:credBlob: true, webauthn:extension:largeBlob: true, webauthn:extension:minPinLength: true, webauthn:extension:prf: true, webauthn:virtualAuthenticators: true}
Session ID: d072eddade54ae9741b7dbb4a4181695
	at org.example.HurtMePlentyTest.environment(HurtMePlentyTest.java:25)
</failure>
    <system-err><![CDATA[[main] INFO io.github.bonigarcia.wdm.WebDriverManager - Using chromedriver 112.0.5615.49 (resolved driver for Chrome 112)
[main] INFO io.github.bonigarcia.wdm.WebDriverManager - Exporting webdriver.chrome.driver as /Users/tenzinwangmo/.cache/selenium/chromedriver/mac64/112.0.5615.49/chromedriver
Starting ChromeDriver 112.0.5615.49 (bd2a7bcb881c11e8cfe3078709382934e3916914-refs/branch-heads/5615@{#936}) on port 31829
Only local connections are allowed.
Please see https://chromedriver.chromium.org/security-considerations for suggestions on keeping ChromeDriver safe.
ChromeDriver was started successfully.
May 05, 2023 2:38:17 PM org.openqa.selenium.devtools.CdpVersionFinder findNearestMatch
WARNING: Unable to find an exact match for CDP version 112, so returning the closest version found: 111
]]></system-err>
  </testcase>
  <testcase name="takeScreenshotOnFailure" classname="org.example.HurtMePlentyTest" time="7.502">
    <failure message="Cannot invoke &quot;org.openqa.selenium.TakesScreenshot.getScreenshotAs(org.openqa.selenium.OutputType)&quot; because &quot;screenshot&quot; is null" type="java.lang.NullPointerException">java.lang.NullPointerException: Cannot invoke "org.openqa.selenium.TakesScreenshot.getScreenshotAs(org.openqa.selenium.OutputType)" because "screenshot" is null
	at org.example.HurtMePlentyTest.takeScreenshotOnFailure(HurtMePlentyTest.java:86)
</failure>
  </testcase>
  <testcase name="takeScreenshotOnFailure" classname="org.example.HurtMePlentyTest" time="0">
    <skipped/>
  </testcase>
  <testcase name="takeScreenshotOnFailure" classname="org.example.HurtMePlentyTest" time="0">
    <skipped/>
  </testcase>
  <testcase name="takeScreenshotOnFailure" classname="org.example.HurtMePlentyTest" time="0">
    <skipped/>
  </testcase>
  <testcase name="takeScreenshotOnFailure" classname="org.example.HurtMePlentyTest" time="0">
    <skipped/>
  </testcase>
  <testcase name="takeScreenshotOnFailure" classname="org.example.HurtMePlentyTest" time="0">
    <skipped/>
  </testcase>
  <testcase name="takeScreenshotOnFailure" classname="org.example.HurtMePlentyTest" time="0">
    <skipped/>
  </testcase>
  <testcase name="takeScreenshotOnFailure" classname="org.example.HurtMePlentyTest" time="0">
    <skipped/>
  </testcase>
  <testcase name="takeScreenshotOnFailure" classname="org.example.HurtMePlentyTest" time="0">
    <skipped/>
  </testcase>
  <testcase name="takeScreenshotOnFailure" classname="org.example.HurtMePlentyTest" time="0">
    <skipped/>
  </testcase>
  <testcase name="takeScreenshotOnFailure" classname="org.example.HurtMePlentyTest" time="0">
    <skipped/>
  </testcase>
  <testcase name="takeScreenshotOnFailure" classname="org.example.HurtMePlentyTest" time="0">
    <skipped/>
  </testcase>
  <testcase name="takeScreenshotOnFailure" classname="org.example.HurtMePlentyTest" time="0">
    <skipped/>
  </testcase>
  <testcase name="homePageTest" classname="org.example.HurtMePlentyTest" time="0">
    <skipped message="Cannot invoke &quot;org.openqa.selenium.TakesScreenshot.getScreenshotAs(org.openqa.selenium.OutputType)&quot; because &quot;screenshot&quot; is null"/>
  </testcase>
  <testcase name="NoOfInstance" classname="org.example.HurtMePlentyTest" time="0">
    <skipped message="Cannot invoke &quot;org.openqa.selenium.TakesScreenshot.getScreenshotAs(org.openqa.selenium.OutputType)&quot; because &quot;screenshot&quot; is null"/>
  </testcase>
  <testcase name="OS" classname="org.example.HurtMePlentyTest" time="0">
    <skipped message="Cannot invoke &quot;org.openqa.selenium.TakesScreenshot.getScreenshotAs(org.openqa.selenium.OutputType)&quot; because &quot;screenshot&quot; is null"/>
  </testcase>
  <testcase name="VM_Class" classname="org.example.HurtMePlentyTest" time="0">
    <skipped message="Cannot invoke &quot;org.openqa.selenium.TakesScreenshot.getScreenshotAs(org.openqa.selenium.OutputType)&quot; because &quot;screenshot&quot; is null"/>
  </testcase>
  <testcase name="Series" classname="org.example.HurtMePlentyTest" time="0">
    <skipped message="Cannot invoke &quot;org.openqa.selenium.TakesScreenshot.getScreenshotAs(org.openqa.selenium.OutputType)&quot; because &quot;screenshot&quot; is null"/>
  </testcase>
  <testcase name="Instance_Type" classname="org.example.HurtMePlentyTest" time="0">
    <skipped message="Cannot invoke &quot;org.openqa.selenium.TakesScreenshot.getScreenshotAs(org.openqa.selenium.OutputType)&quot; because &quot;screenshot&quot; is null"/>
  </testcase>
  <testcase name="GPU" classname="org.example.HurtMePlentyTest" time="0">
    <skipped message="Cannot invoke &quot;org.openqa.selenium.TakesScreenshot.getScreenshotAs(org.openqa.selenium.OutputType)&quot; because &quot;screenshot&quot; is null"/>
  </testcase>
  <testcase name="Local_SSD" classname="org.example.HurtMePlentyTest" time="0">
    <skipped message="Cannot invoke &quot;org.openqa.selenium.TakesScreenshot.getScreenshotAs(org.openqa.selenium.OutputType)&quot; because &quot;screenshot&quot; is null"/>
  </testcase>
  <testcase name="Location" classname="org.example.HurtMePlentyTest" time="0">
    <skipped message="Cannot invoke &quot;org.openqa.selenium.TakesScreenshot.getScreenshotAs(org.openqa.selenium.OutputType)&quot; because &quot;screenshot&quot; is null"/>
  </testcase>
  <testcase name="usage" classname="org.example.HurtMePlentyTest" time="0">
    <skipped message="Cannot invoke &quot;org.openqa.selenium.TakesScreenshot.getScreenshotAs(org.openqa.selenium.OutputType)&quot; because &quot;screenshot&quot; is null"/>
  </testcase>
  <testcase name="Estimate" classname="org.example.HurtMePlentyTest" time="0">
    <skipped message="Cannot invoke &quot;org.openqa.selenium.TakesScreenshot.getScreenshotAs(org.openqa.selenium.OutputType)&quot; because &quot;screenshot&quot; is null"/>
  </testcase>
  <testcase name="closeDriver" classname="org.example.HurtMePlentyTest" time="0">
    <skipped message="Cannot invoke &quot;org.openqa.selenium.TakesScreenshot.getScreenshotAs(org.openqa.selenium.OutputType)&quot; because &quot;screenshot&quot; is null"/>
  </testcase>
</testsuite>