<?xml version="1.0" encoding="UTF-8"?>
<testng-results ignored="0" total="14" passed="14" failed="0" skipped="0">
  <reporter-output>
  </reporter-output>
  <suite started-at="2023-05-05T13:00:46 IST" name="Surefire suite" finished-at="2023-05-05T13:02:34 IST" duration-ms="108102">
    <groups>
      <group name="functional">
        <method signature="HurtMePlentyTest.environment()[pri:1, instance:org.example.HurtMePlentyTest@5b0abc94]" name="environment" class="org.example.HurtMePlentyTest"/>
        <method signature="HurtMePlentyTest.homePageTest()[pri:2, instance:org.example.HurtMePlentyTest@5b0abc94]" name="homePageTest" class="org.example.HurtMePlentyTest"/>
      </group> <!-- functional -->
      <group name="smoke">
        <method signature="HurtMePlentyTest.environment()[pri:1, instance:org.example.HurtMePlentyTest@5b0abc94]" name="environment" class="org.example.HurtMePlentyTest"/>
        <method signature="HurtMePlentyTest.homePageTest()[pri:2, instance:org.example.HurtMePlentyTest@5b0abc94]" name="homePageTest" class="org.example.HurtMePlentyTest"/>
        <method signature="HurtMePlentyTest.NoOfInstance()[pri:3, instance:org.example.HurtMePlentyTest@5b0abc94]" name="NoOfInstance" class="org.example.HurtMePlentyTest"/>
        <method signature="HurtMePlentyTest.OS()[pri:4, instance:org.example.HurtMePlentyTest@5b0abc94]" name="OS" class="org.example.HurtMePlentyTest"/>
        <method signature="HurtMePlentyTest.VM_Class()[pri:5, instance:org.example.HurtMePlentyTest@5b0abc94]" name="VM_Class" class="org.example.HurtMePlentyTest"/>
        <method signature="HurtMePlentyTest.Series()[pri:6, instance:org.example.HurtMePlentyTest@5b0abc94]" name="Series" class="org.example.HurtMePlentyTest"/>
        <method signature="HurtMePlentyTest.Instance_Type()[pri:7, instance:org.example.HurtMePlentyTest@5b0abc94]" name="Instance_Type" class="org.example.HurtMePlentyTest"/>
        <method signature="HurtMePlentyTest.GPU()[pri:8, instance:org.example.HurtMePlentyTest@5b0abc94]" name="GPU" class="org.example.HurtMePlentyTest"/>
        <method signature="HurtMePlentyTest.Local_SSD()[pri:9, instance:org.example.HurtMePlentyTest@5b0abc94]" name="Local_SSD" class="org.example.HurtMePlentyTest"/>
        <method signature="HurtMePlentyTest.Location()[pri:10, instance:org.example.HurtMePlentyTest@5b0abc94]" name="Location" class="org.example.HurtMePlentyTest"/>
        <method signature="HurtMePlentyTest.usage()[pri:11, instance:org.example.HurtMePlentyTest@5b0abc94]" name="usage" class="org.example.HurtMePlentyTest"/>
        <method signature="HurtMePlentyTest.Estimate()[pri:12, instance:org.example.HurtMePlentyTest@5b0abc94]" name="Estimate" class="org.example.HurtMePlentyTest"/>
        <method signature="HurtMePlentyTest.closeDriver()[pri:12, instance:org.example.HurtMePlentyTest@5b0abc94]" name="closeDriver" class="org.example.HurtMePlentyTest"/>
      </group> <!-- smoke -->
    </groups>
    <test started-at="2023-05-05T13:00:46 IST" name="Surefire test" finished-at="2023-05-05T13:02:34 IST" duration-ms="108102">
      <class name="org.example.ICanWinTest">
        <test-method is-config="true" signature="setupDriver()[pri:0, instance:org.example.ICanWinTest@2145433b]" started-at="2023-05-05T13:00:46 IST" name="setupDriver" finished-at="2023-05-05T13:00:54 IST" duration-ms="7821" status="PASS">
          <reporter-output>
          </reporter-output>
        </test-method> <!-- setupDriver -->
        <test-method signature="NewPaste()[pri:1, instance:org.example.ICanWinTest@2145433b]" started-at="2023-05-05T13:00:54 IST" name="NewPaste" finished-at="2023-05-05T13:01:08 IST" duration-ms="14214" status="PASS">
          <reporter-output>
          </reporter-output>
        </test-method> <!-- NewPaste -->
      </class> <!-- org.example.ICanWinTest -->
      <class name="org.example.HurtMePlentyTest">
        <test-method signature="environment()[pri:1, instance:org.example.HurtMePlentyTest@5b0abc94]" started-at="2023-05-05T13:01:08 IST" name="environment" finished-at="2023-05-05T13:01:17 IST" duration-ms="8851" status="PASS">
          <reporter-output>
          </reporter-output>
        </test-method> <!-- environment -->
        <test-method is-config="true" signature="takeScreenshotOnFailure(org.testng.ITestResult)[pri:0, instance:org.example.HurtMePlentyTest@5b0abc94]" started-at="2023-05-05T13:01:17 IST" name="takeScreenshotOnFailure" finished-at="2023-05-05T13:01:17 IST" duration-ms="3" status="PASS">
          <params>
            <param index="0">
              <value>
                <![CDATA[[TestResult name=environment status=SUCCESS method=HurtMePlentyTest.environment()[pri:1, instance:org.example.HurtMePlentyTest@5b0abc94] output={null}]]]>
              </value>
            </param>
          </params>
          <reporter-output>
          </reporter-output>
        </test-method> <!-- takeScreenshotOnFailure -->
        <test-method signature="homePageTest()[pri:2, instance:org.example.HurtMePlentyTest@5b0abc94]" started-at="2023-05-05T13:01:17 IST" name="homePageTest" finished-at="2023-05-05T13:01:43 IST" duration-ms="26100" status="PASS">
          <reporter-output>
          </reporter-output>
        </test-method> <!-- homePageTest -->
        <test-method is-config="true" signature="takeScreenshotOnFailure(org.testng.ITestResult)[pri:0, instance:org.example.HurtMePlentyTest@5b0abc94]" started-at="2023-05-05T13:01:43 IST" name="takeScreenshotOnFailure" finished-at="2023-05-05T13:01:43 IST" duration-ms="1" status="PASS">
          <params>
            <param index="0">
              <value>
                <![CDATA[[TestResult name=homePageTest status=SUCCESS method=HurtMePlentyTest.homePageTest()[pri:2, instance:org.example.HurtMePlentyTest@5b0abc94] output={null}]]]>
              </value>
            </param>
          </params>
          <reporter-output>
          </reporter-output>
        </test-method> <!-- takeScreenshotOnFailure -->
        <test-method signature="NoOfInstance()[pri:3, instance:org.example.HurtMePlentyTest@5b0abc94]" started-at="2023-05-05T13:01:43 IST" name="NoOfInstance" finished-at="2023-05-05T13:01:49 IST" duration-ms="6291" status="PASS">
          <reporter-output>
          </reporter-output>
        </test-method> <!-- NoOfInstance -->
        <test-method is-config="true" signature="takeScreenshotOnFailure(org.testng.ITestResult)[pri:0, instance:org.example.HurtMePlentyTest@5b0abc94]" started-at="2023-05-05T13:01:49 IST" name="takeScreenshotOnFailure" finished-at="2023-05-05T13:01:49 IST" duration-ms="1" status="PASS">
          <params>
            <param index="0">
              <value>
                <![CDATA[[TestResult name=NoOfInstance status=SUCCESS method=HurtMePlentyTest.NoOfInstance()[pri:3, instance:org.example.HurtMePlentyTest@5b0abc94] output={null}]]]>
              </value>
            </param>
          </params>
          <reporter-output>
          </reporter-output>
        </test-method> <!-- takeScreenshotOnFailure -->
        <test-method signature="OS()[pri:4, instance:org.example.HurtMePlentyTest@5b0abc94]" started-at="2023-05-05T13:01:49 IST" name="OS" finished-at="2023-05-05T13:01:54 IST" duration-ms="4223" status="PASS">
          <reporter-output>
          </reporter-output>
        </test-method> <!-- OS -->
        <test-method is-config="true" signature="takeScreenshotOnFailure(org.testng.ITestResult)[pri:0, instance:org.example.HurtMePlentyTest@5b0abc94]" started-at="2023-05-05T13:01:54 IST" name="takeScreenshotOnFailure" finished-at="2023-05-05T13:01:54 IST" duration-ms="1" status="PASS">
          <params>
            <param index="0">
              <value>
                <![CDATA[[TestResult name=OS status=SUCCESS method=HurtMePlentyTest.OS()[pri:4, instance:org.example.HurtMePlentyTest@5b0abc94] output={null}]]]>
              </value>
            </param>
          </params>
          <reporter-output>
          </reporter-output>
        </test-method> <!-- takeScreenshotOnFailure -->
        <test-method signature="VM_Class()[pri:5, instance:org.example.HurtMePlentyTest@5b0abc94]" started-at="2023-05-05T13:01:54 IST" name="VM_Class" finished-at="2023-05-05T13:01:58 IST" duration-ms="4203" status="PASS">
          <reporter-output>
          </reporter-output>
        </test-method> <!-- VM_Class -->
        <test-method is-config="true" signature="takeScreenshotOnFailure(org.testng.ITestResult)[pri:0, instance:org.example.HurtMePlentyTest@5b0abc94]" started-at="2023-05-05T13:01:58 IST" name="takeScreenshotOnFailure" finished-at="2023-05-05T13:01:58 IST" duration-ms="1" status="PASS">
          <params>
            <param index="0">
              <value>
                <![CDATA[[TestResult name=VM_Class status=SUCCESS method=HurtMePlentyTest.VM_Class()[pri:5, instance:org.example.HurtMePlentyTest@5b0abc94] output={null}]]]>
              </value>
            </param>
          </params>
          <reporter-output>
          </reporter-output>
        </test-method> <!-- takeScreenshotOnFailure -->
        <test-method signature="Series()[pri:6, instance:org.example.HurtMePlentyTest@5b0abc94]" started-at="2023-05-05T13:01:58 IST" name="Series" finished-at="2023-05-05T13:02:02 IST" duration-ms="4219" status="PASS">
          <reporter-output>
          </reporter-output>
        </test-method> <!-- Series -->
        <test-method is-config="true" signature="takeScreenshotOnFailure(org.testng.ITestResult)[pri:0, instance:org.example.HurtMePlentyTest@5b0abc94]" started-at="2023-05-05T13:02:02 IST" name="takeScreenshotOnFailure" finished-at="2023-05-05T13:02:02 IST" duration-ms="0" status="PASS">
          <params>
            <param index="0">
              <value>
                <![CDATA[[TestResult name=Series status=SUCCESS method=HurtMePlentyTest.Series()[pri:6, instance:org.example.HurtMePlentyTest@5b0abc94] output={null}]]]>
              </value>
            </param>
          </params>
          <reporter-output>
          </reporter-output>
        </test-method> <!-- takeScreenshotOnFailure -->
        <test-method signature="Instance_Type()[pri:7, instance:org.example.HurtMePlentyTest@5b0abc94]" started-at="2023-05-05T13:02:02 IST" name="Instance_Type" finished-at="2023-05-05T13:02:06 IST" duration-ms="4196" status="PASS">
          <reporter-output>
          </reporter-output>
        </test-method> <!-- Instance_Type -->
        <test-method is-config="true" signature="takeScreenshotOnFailure(org.testng.ITestResult)[pri:0, instance:org.example.HurtMePlentyTest@5b0abc94]" started-at="2023-05-05T13:02:06 IST" name="takeScreenshotOnFailure" finished-at="2023-05-05T13:02:06 IST" duration-ms="1" status="PASS">
          <params>
            <param index="0">
              <value>
                <![CDATA[[TestResult name=Instance_Type status=SUCCESS method=HurtMePlentyTest.Instance_Type()[pri:7, instance:org.example.HurtMePlentyTest@5b0abc94] output={null}]]]>
              </value>
            </param>
          </params>
          <reporter-output>
          </reporter-output>
        </test-method> <!-- takeScreenshotOnFailure -->
        <test-method signature="GPU()[pri:8, instance:org.example.HurtMePlentyTest@5b0abc94]" started-at="2023-05-05T13:02:06 IST" name="GPU" finished-at="2023-05-05T13:02:19 IST" duration-ms="12653" status="PASS">
          <reporter-output>
          </reporter-output>
        </test-method> <!-- GPU -->
        <test-method is-config="true" signature="takeScreenshotOnFailure(org.testng.ITestResult)[pri:0, instance:org.example.HurtMePlentyTest@5b0abc94]" started-at="2023-05-05T13:02:19 IST" name="takeScreenshotOnFailure" finished-at="2023-05-05T13:02:19 IST" duration-ms="0" status="PASS">
          <params>
            <param index="0">
              <value>
                <![CDATA[[TestResult name=GPU status=SUCCESS method=HurtMePlentyTest.GPU()[pri:8, instance:org.example.HurtMePlentyTest@5b0abc94] output={null}]]]>
              </value>
            </param>
          </params>
          <reporter-output>
          </reporter-output>
        </test-method> <!-- takeScreenshotOnFailure -->
        <test-method signature="Local_SSD()[pri:9, instance:org.example.HurtMePlentyTest@5b0abc94]" started-at="2023-05-05T13:02:19 IST" name="Local_SSD" finished-at="2023-05-05T13:02:23 IST" duration-ms="4216" status="PASS">
          <reporter-output>
          </reporter-output>
        </test-method> <!-- Local_SSD -->
        <test-method is-config="true" signature="takeScreenshotOnFailure(org.testng.ITestResult)[pri:0, instance:org.example.HurtMePlentyTest@5b0abc94]" started-at="2023-05-05T13:02:23 IST" name="takeScreenshotOnFailure" finished-at="2023-05-05T13:02:23 IST" duration-ms="1" status="PASS">
          <params>
            <param index="0">
              <value>
                <![CDATA[[TestResult name=Local_SSD status=SUCCESS method=HurtMePlentyTest.Local_SSD()[pri:9, instance:org.example.HurtMePlentyTest@5b0abc94] output={null}]]]>
              </value>
            </param>
          </params>
          <reporter-output>
          </reporter-output>
        </test-method> <!-- takeScreenshotOnFailure -->
        <test-method signature="Location()[pri:10, instance:org.example.HurtMePlentyTest@5b0abc94]" started-at="2023-05-05T13:02:23 IST" name="Location" finished-at="2023-05-05T13:02:27 IST" duration-ms="4205" status="PASS">
          <reporter-output>
          </reporter-output>
        </test-method> <!-- Location -->
        <test-method is-config="true" signature="takeScreenshotOnFailure(org.testng.ITestResult)[pri:0, instance:org.example.HurtMePlentyTest@5b0abc94]" started-at="2023-05-05T13:02:27 IST" name="takeScreenshotOnFailure" finished-at="2023-05-05T13:02:27 IST" duration-ms="1" status="PASS">
          <params>
            <param index="0">
              <value>
                <![CDATA[[TestResult name=Location status=SUCCESS method=HurtMePlentyTest.Location()[pri:10, instance:org.example.HurtMePlentyTest@5b0abc94] output={null}]]]>
              </value>
            </param>
          </params>
          <reporter-output>
          </reporter-output>
        </test-method> <!-- takeScreenshotOnFailure -->
        <test-method signature="usage()[pri:11, instance:org.example.HurtMePlentyTest@5b0abc94]" started-at="2023-05-05T13:02:27 IST" name="usage" finished-at="2023-05-05T13:02:32 IST" duration-ms="4214" status="PASS">
          <reporter-output>
          </reporter-output>
        </test-method> <!-- usage -->
        <test-method is-config="true" signature="takeScreenshotOnFailure(org.testng.ITestResult)[pri:0, instance:org.example.HurtMePlentyTest@5b0abc94]" started-at="2023-05-05T13:02:32 IST" name="takeScreenshotOnFailure" finished-at="2023-05-05T13:02:32 IST" duration-ms="1" status="PASS">
          <params>
            <param index="0">
              <value>
                <![CDATA[[TestResult name=usage status=SUCCESS method=HurtMePlentyTest.usage()[pri:11, instance:org.example.HurtMePlentyTest@5b0abc94] output={null}]]]>
              </value>
            </param>
          </params>
          <reporter-output>
          </reporter-output>
        </test-method> <!-- takeScreenshotOnFailure -->
        <test-method signature="Estimate()[pri:12, instance:org.example.HurtMePlentyTest@5b0abc94]" started-at="2023-05-05T13:02:32 IST" name="Estimate" finished-at="2023-05-05T13:02:34 IST" duration-ms="2235" status="PASS">
          <reporter-output>
          </reporter-output>
        </test-method> <!-- Estimate -->
        <test-method is-config="true" signature="takeScreenshotOnFailure(org.testng.ITestResult)[pri:0, instance:org.example.HurtMePlentyTest@5b0abc94]" started-at="2023-05-05T13:02:34 IST" name="takeScreenshotOnFailure" finished-at="2023-05-05T13:02:34 IST" duration-ms="1" status="PASS">
          <params>
            <param index="0">
              <value>
                <![CDATA[[TestResult name=Estimate status=SUCCESS method=HurtMePlentyTest.Estimate()[pri:12, instance:org.example.HurtMePlentyTest@5b0abc94] output={null}]]]>
              </value>
            </param>
          </params>
          <reporter-output>
          </reporter-output>
        </test-method> <!-- takeScreenshotOnFailure -->
        <test-method signature="closeDriver()[pri:12, instance:org.example.HurtMePlentyTest@5b0abc94]" started-at="2023-05-05T13:02:34 IST" name="closeDriver" finished-at="2023-05-05T13:02:34 IST" duration-ms="369" status="PASS">
          <reporter-output>
          </reporter-output>
        </test-method> <!-- closeDriver -->
        <test-method is-config="true" signature="takeScreenshotOnFailure(org.testng.ITestResult)[pri:0, instance:org.example.HurtMePlentyTest@5b0abc94]" started-at="2023-05-05T13:02:34 IST" name="takeScreenshotOnFailure" finished-at="2023-05-05T13:02:34 IST" duration-ms="1" status="PASS">
          <params>
            <param index="0">
              <value>
                <![CDATA[[TestResult name=closeDriver status=SUCCESS method=HurtMePlentyTest.closeDriver()[pri:12, instance:org.example.HurtMePlentyTest@5b0abc94] output={null}]]]>
              </value>
            </param>
          </params>
          <reporter-output>
          </reporter-output>
        </test-method> <!-- takeScreenshotOnFailure -->
      </class> <!-- org.example.HurtMePlentyTest -->
    </test> <!-- Surefire test -->
  </suite> <!-- Surefire suite -->
</testng-results>
