<?xml version="1.0" encoding="UTF-8"?>
<!-- Generated by org.testng.reporters.JUnitXMLReporter -->
<testsuite ignored="0" hostname="Tenzins-MacBook-Pro-2.local" failures="1" tests="13" name="/Users/tenzinwangmo/IdeaProjects/untitled/src/test/java/org/example/HurtMePlentyTest.java" time="10.699" errors="0" timestamp="2023-05-06T16:29:33 IST">
  <testcase classname="org.example.HurtMePlentyTest" name="@AfterMethod takeScreenshotOnFailure" time="0.007">
    <failure type="java.lang.NullPointerException" message="Cannot invoke &amp;quot;org.openqa.selenium.TakesScreenshot.getScreenshotAs(org.openqa.selenium.OutputType)&amp;quot; because &amp;quot;screenshot&amp;quot; is null">
      <![CDATA[java.lang.NullPointerException: Cannot invoke "org.openqa.selenium.TakesScreenshot.getScreenshotAs(org.openqa.selenium.OutputType)" because "screenshot" is null
at org.example.HurtMePlentyTest.takeScreenshotOnFailure(HurtMePlentyTest.java:86)
at java.base/jdk.internal.reflect.DirectMethodHandleAccessor.invoke(DirectMethodHandleAccessor.java:104)
at java.base/java.lang.reflect.Method.invoke(Method.java:578)
at org.testng.internal.invokers.MethodInvocationHelper.invokeMethod(MethodInvocationHelper.java:139)
at org.testng.internal.invokers.MethodInvocationHelper.invokeMethodConsideringTimeout(MethodInvocationHelper.java:69)
at org.testng.internal.invokers.ConfigInvoker.invokeConfigurationMethod(ConfigInvoker.java:361)
at org.testng.internal.invokers.ConfigInvoker.invokeConfigurations(ConfigInvoker.java:296)
at org.testng.internal.invokers.TestInvoker.runConfigMethods(TestInvoker.java:823)
at org.testng.internal.invokers.TestInvoker.runAfterConfigurations(TestInvoker.java:792)
at org.testng.internal.invokers.TestInvoker.invokeMethod(TestInvoker.java:768)
at org.testng.internal.invokers.TestInvoker.invokeTestMethod(TestInvoker.java:221)
at org.testng.internal.invokers.MethodRunner.runInSequence(MethodRunner.java:50)
at org.testng.internal.invokers.TestInvoker$MethodInvocationAgent.invoke(TestInvoker.java:969)
at org.testng.internal.invokers.TestInvoker.invokeTestMethods(TestInvoker.java:194)
at org.testng.internal.invokers.TestMethodWorker.invokeTestMethods(TestMethodWorker.java:148)
at org.testng.internal.invokers.TestMethodWorker.run(TestMethodWorker.java:128)
at java.base/java.util.ArrayList.forEach(ArrayList.java:1511)
at org.testng.TestRunner.privateRun(TestRunner.java:829)
at org.testng.TestRunner.run(TestRunner.java:602)
at org.testng.SuiteRunner.runTest(SuiteRunner.java:437)
at org.testng.SuiteRunner.runSequentially(SuiteRunner.java:431)
at org.testng.SuiteRunner.privateRun(SuiteRunner.java:391)
at org.testng.SuiteRunner.run(SuiteRunner.java:330)
at org.testng.SuiteRunnerWorker.runSuite(SuiteRunnerWorker.java:52)
at org.testng.SuiteRunnerWorker.run(SuiteRunnerWorker.java:95)
at org.testng.TestNG.runSuitesSequentially(TestNG.java:1256)
at org.testng.TestNG.runSuitesLocally(TestNG.java:1176)
at org.testng.TestNG.runSuites(TestNG.java:1099)
at org.testng.TestNG.run(TestNG.java:1067)
at org.apache.maven.surefire.testng.TestNGExecutor.run(TestNGExecutor.java:283)
at org.apache.maven.surefire.testng.TestNGXmlTestSuite.execute(TestNGXmlTestSuite.java:75)
at org.apache.maven.surefire.testng.TestNGProvider.invoke(TestNGProvider.java:120)
at org.apache.maven.surefire.booter.ForkedBooter.invokeProviderInSameClassLoader(ForkedBooter.java:384)
at org.apache.maven.surefire.booter.ForkedBooter.runSuitesInProcess(ForkedBooter.java:345)
at org.apache.maven.surefire.booter.ForkedBooter.execute(ForkedBooter.java:126)
at org.apache.maven.surefire.booter.ForkedBooter.main(ForkedBooter.java:418)
]]>
    </failure>
  </testcase> <!-- @AfterMethod takeScreenshotOnFailure -->
  <testcase classname="org.example.HurtMePlentyTest" name="@AfterMethod takeScreenshotOnFailure" time="0.0">
    <skipped/>
  </testcase> <!-- @AfterMethod takeScreenshotOnFailure -->
  <testcase classname="org.example.HurtMePlentyTest" name="@AfterMethod takeScreenshotOnFailure" time="0.0">
    <skipped/>
  </testcase> <!-- @AfterMethod takeScreenshotOnFailure -->
  <testcase classname="org.example.HurtMePlentyTest" name="@AfterMethod takeScreenshotOnFailure" time="0.0">
    <skipped/>
  </testcase> <!-- @AfterMethod takeScreenshotOnFailure -->
  <testcase classname="org.example.HurtMePlentyTest" name="@AfterMethod takeScreenshotOnFailure" time="0.0">
    <skipped/>
  </testcase> <!-- @AfterMethod takeScreenshotOnFailure -->
  <testcase classname="org.example.HurtMePlentyTest" name="@AfterMethod takeScreenshotOnFailure" time="0.0">
    <skipped/>
  </testcase> <!-- @AfterMethod takeScreenshotOnFailure -->
  <testcase classname="org.example.HurtMePlentyTest" name="@AfterMethod takeScreenshotOnFailure" time="0.0">
    <skipped/>
  </testcase> <!-- @AfterMethod takeScreenshotOnFailure -->
  <testcase classname="org.example.HurtMePlentyTest" name="@AfterMethod takeScreenshotOnFailure" time="0.0">
    <skipped/>
  </testcase> <!-- @AfterMethod takeScreenshotOnFailure -->
  <testcase classname="org.example.HurtMePlentyTest" name="@AfterMethod takeScreenshotOnFailure" time="0.0">
    <skipped/>
  </testcase> <!-- @AfterMethod takeScreenshotOnFailure -->
  <testcase classname="org.example.HurtMePlentyTest" name="@AfterMethod takeScreenshotOnFailure" time="0.0">
    <skipped/>
  </testcase> <!-- @AfterMethod takeScreenshotOnFailure -->
  <testcase classname="org.example.HurtMePlentyTest" name="@AfterMethod takeScreenshotOnFailure" time="0.0">
    <skipped/>
  </testcase> <!-- @AfterMethod takeScreenshotOnFailure -->
  <testcase classname="org.example.HurtMePlentyTest" name="@AfterMethod takeScreenshotOnFailure" time="0.0">
    <skipped/>
  </testcase> <!-- @AfterMethod takeScreenshotOnFailure -->
  <testcase classname="org.example.HurtMePlentyTest" name="@AfterMethod takeScreenshotOnFailure" time="0.0">
    <skipped/>
  </testcase> <!-- @AfterMethod takeScreenshotOnFailure -->
  <testcase classname="org.example.HurtMePlentyTest" name="environment" time="10.602">
    <failure type="org.openqa.selenium.NoSuchWindowException" message="no such window: target window already closed
from unknown error: web view not found
  (Session info: chrome=112.0.5615.137)
Build info: version: &amp;apos;4.8.2&amp;apos;, revision: &amp;apos;826dbfc730&amp;apos;
System info: os.name: &amp;apos;Mac OS X&amp;apos;, os.arch: &amp;apos;x86_64&amp;apos;, os.version: &amp;apos;12.2.1&amp;apos;, java.version: &amp;apos;19.0.2&amp;apos;
Driver info: org.openqa.selenium.chrome.ChromeDriver
Command: [40e37a1f46a075d3ca637a9778300437, maximizeCurrentWindow {}]
Capabilities {acceptInsecureCerts: false, browserName: chrome, browserVersion: 112.0.5615.137, chrome: {chromedriverVersion: 112.0.5615.49 (bd2a7bcb881c..., userDataDir: /var/folders/k1/bv83b81n7c1...}, goog:chromeOptions: {debuggerAddress: localhost:57593}, networkConnectionEnabled: false, pageLoadStrategy: normal, platformName: MAC, proxy: Proxy(), se:cdp: ws://localhost:57593/devtoo..., se:cdpVersion: 112.0.5615.137, setWindowRect: true, strictFileInteractability: false, timeouts: {implicit: 0, pageLoad: 300000, script: 30000}, unhandledPromptBehavior: dismiss and notify, webauthn:extension:credBlob: true, webauthn:extension:largeBlob: true, webauthn:extension:minPinLength: true, webauthn:extension:prf: true, webauthn:virtualAuthenticators: true}
Session ID: 40e37a1f46a075d3ca637a9778300437">
      <![CDATA[org.openqa.selenium.NoSuchWindowException: no such window: target window already closed
from unknown error: web view not found
  (Session info: chrome=112.0.5615.137)
Build info: version: '4.8.2', revision: '826dbfc730'
System info: os.name: 'Mac OS X', os.arch: 'x86_64', os.version: '12.2.1', java.version: '19.0.2'
Driver info: org.openqa.selenium.chrome.ChromeDriver
Command: [40e37a1f46a075d3ca637a9778300437, maximizeCurrentWindow {}]
Capabilities {acceptInsecureCerts: false, browserName: chrome, browserVersion: 112.0.5615.137, chrome: {chromedriverVersion: 112.0.5615.49 (bd2a7bcb881c..., userDataDir: /var/folders/k1/bv83b81n7c1...}, goog:chromeOptions: {debuggerAddress: localhost:57593}, networkConnectionEnabled: false, pageLoadStrategy: normal, platformName: MAC, proxy: Proxy(), se:cdp: ws://localhost:57593/devtoo..., se:cdpVersion: 112.0.5615.137, setWindowRect: true, strictFileInteractability: false, timeouts: {implicit: 0, pageLoad: 300000, script: 30000}, unhandledPromptBehavior: dismiss and notify, webauthn:extension:credBlob: true, webauthn:extension:largeBlob: true, webauthn:extension:minPinLength: true, webauthn:extension:prf: true, webauthn:virtualAuthenticators: true}
Session ID: 40e37a1f46a075d3ca637a9778300437
at java.base/jdk.internal.reflect.DirectConstructorHandleAccessor.newInstance(DirectConstructorHandleAccessor.java:67)
at java.base/java.lang.reflect.Constructor.newInstanceWithCaller(Constructor.java:500)
at java.base/java.lang.reflect.Constructor.newInstance(Constructor.java:484)
at org.openqa.selenium.remote.codec.w3c.W3CHttpResponseCodec.createException(W3CHttpResponseCodec.java:200)
at org.openqa.selenium.remote.codec.w3c.W3CHttpResponseCodec.decode(W3CHttpResponseCodec.java:133)
at org.openqa.selenium.remote.codec.w3c.W3CHttpResponseCodec.decode(W3CHttpResponseCodec.java:53)
at org.openqa.selenium.remote.HttpCommandExecutor.execute(HttpCommandExecutor.java:193)
at org.openqa.selenium.remote.service.DriverCommandExecutor.invokeExecute(DriverCommandExecutor.java:183)
at org.openqa.selenium.remote.service.DriverCommandExecutor.execute(DriverCommandExecutor.java:158)
at org.openqa.selenium.remote.RemoteWebDriver.execute(RemoteWebDriver.java:543)
at org.openqa.selenium.remote.RemoteWebDriver.execute(RemoteWebDriver.java:598)
at org.openqa.selenium.remote.RemoteWebDriver.execute(RemoteWebDriver.java:602)
at org.openqa.selenium.remote.RemoteWebDriver$RemoteWebDriverOptions$RemoteWindow.maximize(RemoteWebDriver.java:953)
at com.browser.FactoryBrowser.setupBrowser(FactoryBrowser.java:19)
at org.example.HurtMePlentyTest.environment(HurtMePlentyTest.java:25)
at java.base/jdk.internal.reflect.DirectMethodHandleAccessor.invoke(DirectMethodHandleAccessor.java:104)
at java.base/java.lang.reflect.Method.invoke(Method.java:578)
at org.testng.internal.invokers.MethodInvocationHelper.invokeMethod(MethodInvocationHelper.java:139)
at org.testng.internal.invokers.TestInvoker.invokeMethod(TestInvoker.java:677)
at org.testng.internal.invokers.TestInvoker.invokeTestMethod(TestInvoker.java:221)
at org.testng.internal.invokers.MethodRunner.runInSequence(MethodRunner.java:50)
at org.testng.internal.invokers.TestInvoker$MethodInvocationAgent.invoke(TestInvoker.java:969)
at org.testng.internal.invokers.TestInvoker.invokeTestMethods(TestInvoker.java:194)
at org.testng.internal.invokers.TestMethodWorker.invokeTestMethods(TestMethodWorker.java:148)
at org.testng.internal.invokers.TestMethodWorker.run(TestMethodWorker.java:128)
at java.base/java.util.ArrayList.forEach(ArrayList.java:1511)
at org.testng.TestRunner.privateRun(TestRunner.java:829)
at org.testng.TestRunner.run(TestRunner.java:602)
at org.testng.SuiteRunner.runTest(SuiteRunner.java:437)
at org.testng.SuiteRunner.runSequentially(SuiteRunner.java:431)
at org.testng.SuiteRunner.privateRun(SuiteRunner.java:391)
at org.testng.SuiteRunner.run(SuiteRunner.java:330)
at org.testng.SuiteRunnerWorker.runSuite(SuiteRunnerWorker.java:52)
at org.testng.SuiteRunnerWorker.run(SuiteRunnerWorker.java:95)
at org.testng.TestNG.runSuitesSequentially(TestNG.java:1256)
at org.testng.TestNG.runSuitesLocally(TestNG.java:1176)
at org.testng.TestNG.runSuites(TestNG.java:1099)
at org.testng.TestNG.run(TestNG.java:1067)
at org.apache.maven.surefire.testng.TestNGExecutor.run(TestNGExecutor.java:283)
at org.apache.maven.surefire.testng.TestNGXmlTestSuite.execute(TestNGXmlTestSuite.java:75)
at org.apache.maven.surefire.testng.TestNGProvider.invoke(TestNGProvider.java:120)
at org.apache.maven.surefire.booter.ForkedBooter.invokeProviderInSameClassLoader(ForkedBooter.java:384)
at org.apache.maven.surefire.booter.ForkedBooter.runSuitesInProcess(ForkedBooter.java:345)
at org.apache.maven.surefire.booter.ForkedBooter.execute(ForkedBooter.java:126)
at org.apache.maven.surefire.booter.ForkedBooter.main(ForkedBooter.java:418)
]]>
    </failure>
  </testcase> <!-- environment -->
  <testcase classname="org.example.HurtMePlentyTest" name="homePageTest" time="0.0">
    <skipped/>
  </testcase> <!-- homePageTest -->
  <testcase classname="org.example.HurtMePlentyTest" name="NoOfInstance" time="0.0">
    <skipped/>
  </testcase> <!-- NoOfInstance -->
  <testcase classname="org.example.HurtMePlentyTest" name="OS" time="0.0">
    <skipped/>
  </testcase> <!-- OS -->
  <testcase classname="org.example.HurtMePlentyTest" name="VM_Class" time="0.0">
    <skipped/>
  </testcase> <!-- VM_Class -->
  <testcase classname="org.example.HurtMePlentyTest" name="Series" time="0.0">
    <skipped/>
  </testcase> <!-- Series -->
  <testcase classname="org.example.HurtMePlentyTest" name="Instance_Type" time="0.0">
    <skipped/>
  </testcase> <!-- Instance_Type -->
  <testcase classname="org.example.HurtMePlentyTest" name="GPU" time="0.0">
    <skipped/>
  </testcase> <!-- GPU -->
  <testcase classname="org.example.HurtMePlentyTest" name="Local_SSD" time="0.0">
    <skipped/>
  </testcase> <!-- Local_SSD -->
  <testcase classname="org.example.HurtMePlentyTest" name="Location" time="0.001">
    <skipped/>
  </testcase> <!-- Location -->
  <testcase classname="org.example.HurtMePlentyTest" name="usage" time="0.0">
    <skipped/>
  </testcase> <!-- usage -->
  <testcase classname="org.example.HurtMePlentyTest" name="Estimate" time="0.001">
    <skipped/>
  </testcase> <!-- Estimate -->
  <testcase classname="org.example.HurtMePlentyTest" name="closeDriver" time="0.0">
    <skipped/>
  </testcase> <!-- closeDriver -->
</testsuite> <!-- /Users/tenzinwangmo/IdeaProjects/untitled/src/test/java/org/example/HurtMePlentyTest.java -->
